{
  "stats": {
    "suites": 2,
    "tests": 6,
    "passes": 6,
    "pending": 0,
    "failures": 0,
    "start": "2026-02-17T08:51:46.631Z",
    "end": "2026-02-17T08:51:57.996Z",
    "duration": 11365,
    "testsRegistered": 6,
    "passPercent": 100,
    "pendingPercent": 0,
    "other": 0,
    "hasOther": false,
    "skipped": 0,
    "hasSkipped": false
  },
  "results": [
    {
      "uuid": "977d0dc4-7111-4ec5-ad6b-e103625e1417",
      "title": "",
      "fullFile": "",
      "file": "",
      "beforeHooks": [],
      "afterHooks": [],
      "tests": [],
      "suites": [
        {
          "uuid": "c94cdde6-a463-4d51-8e03-59a33155af52",
          "title": "Saucedemo on chrome Test",
          "fullFile": "/Users/hansinsusatya/Desktop/QA-DigitalSkola/WebUI-Automation/tests/web/ui.test.js",
          "file": "/tests/web/ui.test.js",
          "beforeHooks": [
            {
              "title": "\"before all\" hook in \"Saucedemo on chrome Test\"",
              "fullTitle": "Saucedemo on chrome Test \"before all\" hook in \"Saucedemo on chrome Test\"",
              "timedOut": false,
              "duration": 3807,
              "state": null,
              "speed": null,
              "pass": false,
              "fail": false,
              "pending": false,
              "context": null,
              "code": "await setupInitialDriver(browser);\nawait driver.get(URL);\nawait login();",
              "err": {},
              "uuid": "81b0963a-0cf9-4982-9d8e-fcc6b23a5c0d",
              "parentUUID": "c94cdde6-a463-4d51-8e03-59a33155af52",
              "isHook": true,
              "skipped": false
            }
          ],
          "afterHooks": [
            {
              "title": "\"after all\" hook in \"Saucedemo on chrome Test\"",
              "fullTitle": "Saucedemo on chrome Test \"after all\" hook in \"Saucedemo on chrome Test\"",
              "timedOut": false,
              "duration": 106,
              "state": null,
              "speed": null,
              "pass": false,
              "fail": false,
              "pending": false,
              "context": null,
              "code": "await driver.quit();",
              "err": {},
              "uuid": "9de4f847-035c-4881-b321-1deb89e7fe25",
              "parentUUID": "c94cdde6-a463-4d51-8e03-59a33155af52",
              "isHook": true,
              "skipped": false
            }
          ],
          "tests": [
            {
              "title": "Login successfully",
              "fullTitle": "Saucedemo on chrome Test Login successfully",
              "timedOut": false,
              "duration": 383,
              "state": "passed",
              "speed": "slow",
              "pass": true,
              "fail": false,
              "pending": false,
              "context": null,
              "code": "// check sidebar and logout button\nconst sidebar = await driver.wait(\n  until.elementLocated(By.xpath('//div[@class=\"bm-menu-wrap\"]')),\n  1000,\n);\nawait driver.wait(until.elementIsVisible(sidebar), 5000, \"Sidebar should be displayed\");\nconst logoutAnchor = await driver.findElement(By.xpath('//a[@id=\"logout_sidebar_link\"]'));\nconst logoutText = await driver.executeScript(\n  \"return arguments[0].textContent;\",\n  logoutAnchor,\n);\nassert.strictEqual(logoutText, \"Logout\", \"Logout button should be displayed\");\n// check sort container should be displayed\nawait waitUntilSortOptionsLoaded();\nconst selectedOptionText = await driver\n  .findElement(By.xpath('//*[@class=\"active_option\"]'))\n  .getText();\nconst firstOption = await driver.findElement(\n  By.xpath('//select[@class=\"product_sort_container\"]/option[1]'),\n);\nconst firstOptionText = await firstOption.getText();\nassert.strictEqual(selectedOptionText, firstOptionText);\n// check product displayed\nconst inventoryItems = await getInventoryItems();\nassert.strictEqual(inventoryItems.length, 6);",
              "err": {},
              "uuid": "278155da-3c42-4c49-bebb-d9eef598dfac",
              "parentUUID": "c94cdde6-a463-4d51-8e03-59a33155af52",
              "isHook": false,
              "skipped": false
            },
            {
              "title": "Sort products by price (low to high)",
              "fullTitle": "Saucedemo on chrome Test Sort products by price (low to high)",
              "timedOut": false,
              "duration": 609,
              "state": "passed",
              "speed": "slow",
              "pass": true,
              "fail": false,
              "pending": false,
              "context": null,
              "code": "await chooseSortOption(SORT_PRICE_BY_ASC);\nawait findSortedProducts(SORT_PRICE_BY_ASC);",
              "err": {},
              "uuid": "119a6e35-339f-4943-93fb-23c6d8f481ec",
              "parentUUID": "c94cdde6-a463-4d51-8e03-59a33155af52",
              "isHook": false,
              "skipped": false
            },
            {
              "title": "Sort products by price (high to low)",
              "fullTitle": "Saucedemo on chrome Test Sort products by price (high to low)",
              "timedOut": false,
              "duration": 436,
              "state": "passed",
              "speed": "slow",
              "pass": true,
              "fail": false,
              "pending": false,
              "context": null,
              "code": "await chooseSortOption(SORT_PRICE_BY_DESC);\nawait findSortedProducts(SORT_PRICE_BY_DESC);",
              "err": {},
              "uuid": "77997ed1-cfc7-4bcf-8f83-2470861923ea",
              "parentUUID": "c94cdde6-a463-4d51-8e03-59a33155af52",
              "isHook": false,
              "skipped": false
            }
          ],
          "suites": [],
          "passes": [
            "278155da-3c42-4c49-bebb-d9eef598dfac",
            "119a6e35-339f-4943-93fb-23c6d8f481ec",
            "77997ed1-cfc7-4bcf-8f83-2470861923ea"
          ],
          "failures": [],
          "pending": [],
          "skipped": [],
          "duration": 1428,
          "root": false,
          "rootEmpty": false,
          "_timeout": 60000
        },
        {
          "uuid": "a9794fe9-636e-4572-9cca-f0ca233abf5f",
          "title": "Saucedemo on MicrosoftEdge Test",
          "fullFile": "/Users/hansinsusatya/Desktop/QA-DigitalSkola/WebUI-Automation/tests/web/ui.test.js",
          "file": "/tests/web/ui.test.js",
          "beforeHooks": [
            {
              "title": "\"before all\" hook in \"Saucedemo on MicrosoftEdge Test\"",
              "fullTitle": "Saucedemo on MicrosoftEdge Test \"before all\" hook in \"Saucedemo on MicrosoftEdge Test\"",
              "timedOut": false,
              "duration": 4433,
              "state": null,
              "speed": null,
              "pass": false,
              "fail": false,
              "pending": false,
              "context": null,
              "code": "await setupInitialDriver(browser);\nawait driver.get(URL);\nawait login();",
              "err": {},
              "uuid": "1e17e2d9-8313-4029-b8c1-b1b5318d4882",
              "parentUUID": "a9794fe9-636e-4572-9cca-f0ca233abf5f",
              "isHook": true,
              "skipped": false
            }
          ],
          "afterHooks": [
            {
              "title": "\"after all\" hook in \"Saucedemo on MicrosoftEdge Test\"",
              "fullTitle": "Saucedemo on MicrosoftEdge Test \"after all\" hook in \"Saucedemo on MicrosoftEdge Test\"",
              "timedOut": false,
              "duration": 120,
              "state": null,
              "speed": null,
              "pass": false,
              "fail": false,
              "pending": false,
              "context": null,
              "code": "await driver.quit();",
              "err": {},
              "uuid": "54ec2ef2-cc73-4630-9087-412eed6ae77d",
              "parentUUID": "a9794fe9-636e-4572-9cca-f0ca233abf5f",
              "isHook": true,
              "skipped": false
            }
          ],
          "tests": [
            {
              "title": "Login successfully",
              "fullTitle": "Saucedemo on MicrosoftEdge Test Login successfully",
              "timedOut": false,
              "duration": 308,
              "state": "passed",
              "speed": "slow",
              "pass": true,
              "fail": false,
              "pending": false,
              "context": null,
              "code": "// check sidebar and logout button\nconst sidebar = await driver.wait(\n  until.elementLocated(By.xpath('//div[@class=\"bm-menu-wrap\"]')),\n  1000,\n);\nawait driver.wait(until.elementIsVisible(sidebar), 5000, \"Sidebar should be displayed\");\nconst logoutAnchor = await driver.findElement(By.xpath('//a[@id=\"logout_sidebar_link\"]'));\nconst logoutText = await driver.executeScript(\n  \"return arguments[0].textContent;\",\n  logoutAnchor,\n);\nassert.strictEqual(logoutText, \"Logout\", \"Logout button should be displayed\");\n// check sort container should be displayed\nawait waitUntilSortOptionsLoaded();\nconst selectedOptionText = await driver\n  .findElement(By.xpath('//*[@class=\"active_option\"]'))\n  .getText();\nconst firstOption = await driver.findElement(\n  By.xpath('//select[@class=\"product_sort_container\"]/option[1]'),\n);\nconst firstOptionText = await firstOption.getText();\nassert.strictEqual(selectedOptionText, firstOptionText);\n// check product displayed\nconst inventoryItems = await getInventoryItems();\nassert.strictEqual(inventoryItems.length, 6);",
              "err": {},
              "uuid": "d63dd6fe-8bb2-4806-bd43-18298d16d656",
              "parentUUID": "a9794fe9-636e-4572-9cca-f0ca233abf5f",
              "isHook": false,
              "skipped": false
            },
            {
              "title": "Sort products by price (low to high)",
              "fullTitle": "Saucedemo on MicrosoftEdge Test Sort products by price (low to high)",
              "timedOut": false,
              "duration": 624,
              "state": "passed",
              "speed": "slow",
              "pass": true,
              "fail": false,
              "pending": false,
              "context": null,
              "code": "await chooseSortOption(SORT_PRICE_BY_ASC);\nawait findSortedProducts(SORT_PRICE_BY_ASC);",
              "err": {},
              "uuid": "e6fc9110-d345-4345-a82a-b89cd06153a5",
              "parentUUID": "a9794fe9-636e-4572-9cca-f0ca233abf5f",
              "isHook": false,
              "skipped": false
            },
            {
              "title": "Sort products by price (high to low)",
              "fullTitle": "Saucedemo on MicrosoftEdge Test Sort products by price (high to low)",
              "timedOut": false,
              "duration": 502,
              "state": "passed",
              "speed": "slow",
              "pass": true,
              "fail": false,
              "pending": false,
              "context": null,
              "code": "await chooseSortOption(SORT_PRICE_BY_DESC);\nawait findSortedProducts(SORT_PRICE_BY_DESC);",
              "err": {},
              "uuid": "679e20c6-e211-4f9a-ab2d-19c8fdb53344",
              "parentUUID": "a9794fe9-636e-4572-9cca-f0ca233abf5f",
              "isHook": false,
              "skipped": false
            }
          ],
          "suites": [],
          "passes": [
            "d63dd6fe-8bb2-4806-bd43-18298d16d656",
            "e6fc9110-d345-4345-a82a-b89cd06153a5",
            "679e20c6-e211-4f9a-ab2d-19c8fdb53344"
          ],
          "failures": [],
          "pending": [],
          "skipped": [],
          "duration": 1434,
          "root": false,
          "rootEmpty": false,
          "_timeout": 60000
        }
      ],
      "passes": [],
      "failures": [],
      "pending": [],
      "skipped": [],
      "duration": 0,
      "root": true,
      "rootEmpty": true,
      "_timeout": 60000
    }
  ],
  "meta": {
    "mocha": {
      "version": "11.7.5"
    },
    "mochawesome": {
      "options": {
        "quiet": false,
        "reportFilename": "mochawesome",
        "saveHtml": true,
        "saveJson": true,
        "consoleReporter": "spec",
        "useInlineDiffs": false,
        "code": true
      },
      "version": "7.1.4"
    },
    "marge": {
      "options": null,
      "version": "6.3.2"
    }
  }
}