{
  "stats": {
    "suites": 2,
    "tests": 6,
    "passes": 6,
    "pending": 0,
    "failures": 0,
    "start": "2026-02-19T11:54:13.548Z",
    "end": "2026-02-19T11:54:24.381Z",
    "duration": 10833,
    "testsRegistered": 6,
    "passPercent": 100,
    "pendingPercent": 0,
    "other": 0,
    "hasOther": false,
    "skipped": 0,
    "hasSkipped": false
  },
  "results": [
    {
      "uuid": "394d9712-1326-493b-8d74-cf0988c07e74",
      "title": "",
      "fullFile": "",
      "file": "",
      "beforeHooks": [],
      "afterHooks": [],
      "tests": [],
      "suites": [
        {
          "uuid": "ae2c2c28-be29-40ca-9e31-56161e6b1259",
          "title": "Saucedemo on chrome Test",
          "fullFile": "/Users/hansinsusatya/Desktop/QA-DigitalSkola/WebUI-Automation/tests/web/ui.test.js",
          "file": "/tests/web/ui.test.js",
          "beforeHooks": [
            {
              "title": "\"before all\" hook in \"Saucedemo on chrome Test\"",
              "fullTitle": "Saucedemo on chrome Test \"before all\" hook in \"Saucedemo on chrome Test\"",
              "timedOut": false,
              "duration": 3962,
              "state": null,
              "speed": null,
              "pass": false,
              "fail": false,
              "pending": false,
              "context": null,
              "code": "await setupInitialDriver(browser);\nawait driver.get(URL);\nawait login();",
              "err": {},
              "uuid": "91811695-9e0d-4329-a58e-349f2e8e4864",
              "parentUUID": "ae2c2c28-be29-40ca-9e31-56161e6b1259",
              "isHook": true,
              "skipped": false
            }
          ],
          "afterHooks": [
            {
              "title": "\"after all\" hook in \"Saucedemo on chrome Test\"",
              "fullTitle": "Saucedemo on chrome Test \"after all\" hook in \"Saucedemo on chrome Test\"",
              "timedOut": false,
              "duration": 53,
              "state": null,
              "speed": null,
              "pass": false,
              "fail": false,
              "pending": false,
              "context": null,
              "code": "await driver.quit();",
              "err": {},
              "uuid": "baf5a43e-9b58-463d-a104-9046213ca209",
              "parentUUID": "ae2c2c28-be29-40ca-9e31-56161e6b1259",
              "isHook": true,
              "skipped": false
            }
          ],
          "tests": [
            {
              "title": "Login successfully",
              "fullTitle": "Saucedemo on chrome Test Login successfully",
              "timedOut": false,
              "duration": 254,
              "state": "passed",
              "speed": "slow",
              "pass": true,
              "fail": false,
              "pending": false,
              "context": null,
              "code": "// check sidebar\nconst sidebar = await driver.wait(\n  until.elementLocated(By.xpath('//div[@class=\"bm-menu-wrap\"]')),\n  3000,\n);\nawait driver.wait(until.elementIsVisible(sidebar), 3000, \"Sidebar should be displayed\");\nconst isSidebarVisible = await sidebar.isDisplayed();\nassert.strictEqual(isSidebarVisible, true, \"Sidebar is not visible\");\nconst sideNav = await driver.findElement(By.xpath('//*[@class=\"bm-item-list\"]'));\nconst navItems = await sideNav.findElements(By.className(\"bm-item menu-item\"));\nassert.strictEqual(navItems.length, 4);\nconst navTexts = await Promise.all(\n  navItems.map(async (item) => {\n    const text = await driver.executeScript(\"return arguments[0].textContent.trim();\", item);\n    return text;\n  }),\n);\nassert.deepStrictEqual(navTexts, SIDE_NAVS, \"Nav items do not match expected values\");\n// check shopping cart\nconst shoppingCartButtonContaier = await driver.wait(\n  until.elementLocated(By.xpath('//*[@id=\"shopping_cart_container\"]')),\n  2000,\n);\nawait driver.wait(\n  until.elementIsVisible(shoppingCartButtonContaier),\n  2000,\n  \"Shopping cart button container should be displayed\",\n);\nconst shoppingCartButton = await driver.findElement(By.className(\"shopping_cart_link\"));\nconst isVisible = await shoppingCartButton.isDisplayed();\nassert.strictEqual(isVisible, true, \"Shopping cart link is not visible\");\n// check sort container should be displayed\nawait waitUntilSortOptionsLoaded();\nconst selectedOptionElement = await driver.findElement(\n  By.xpath('//*[@class=\"active_option\"]'),\n);\nconst selectedOptionText = await selectedOptionElement.getText();\nconst firstOption = await driver.findElement(\n  By.xpath('//select[@class=\"product_sort_container\"]/option[1]'),\n);\nconst firstOptionText = await firstOption.getText();\nassert.strictEqual(selectedOptionText, firstOptionText);\n// check product displayed\nconst inventoryItems = await getInventoryItems();\nassert.strictEqual(inventoryItems.length, 6);",
              "err": {},
              "uuid": "ad451632-a9c0-4109-b6af-233a71c441cf",
              "parentUUID": "ae2c2c28-be29-40ca-9e31-56161e6b1259",
              "isHook": false,
              "skipped": false
            },
            {
              "title": "Sort products by price (low to high)",
              "fullTitle": "Saucedemo on chrome Test Sort products by price (low to high)",
              "timedOut": false,
              "duration": 481,
              "state": "passed",
              "speed": "slow",
              "pass": true,
              "fail": false,
              "pending": false,
              "context": null,
              "code": "await chooseSortOption(SORT_PRICE_BY_ASC);\nawait findSortedProducts(SORT_PRICE_BY_ASC);",
              "err": {},
              "uuid": "57cff7f2-8726-4653-bf76-b6383432bd3f",
              "parentUUID": "ae2c2c28-be29-40ca-9e31-56161e6b1259",
              "isHook": false,
              "skipped": false
            },
            {
              "title": "Sort products by price (high to low)",
              "fullTitle": "Saucedemo on chrome Test Sort products by price (high to low)",
              "timedOut": false,
              "duration": 399,
              "state": "passed",
              "speed": "slow",
              "pass": true,
              "fail": false,
              "pending": false,
              "context": null,
              "code": "await chooseSortOption(SORT_PRICE_BY_DESC);\nawait findSortedProducts(SORT_PRICE_BY_DESC);",
              "err": {},
              "uuid": "e751c3e2-5d7b-49bd-a8a5-a08b023c638e",
              "parentUUID": "ae2c2c28-be29-40ca-9e31-56161e6b1259",
              "isHook": false,
              "skipped": false
            }
          ],
          "suites": [],
          "passes": [
            "ad451632-a9c0-4109-b6af-233a71c441cf",
            "57cff7f2-8726-4653-bf76-b6383432bd3f",
            "e751c3e2-5d7b-49bd-a8a5-a08b023c638e"
          ],
          "failures": [],
          "pending": [],
          "skipped": [],
          "duration": 1134,
          "root": false,
          "rootEmpty": false,
          "_timeout": 60000
        },
        {
          "uuid": "89f84f8f-ecf2-4414-b351-1fc5b08dff88",
          "title": "Saucedemo on MicrosoftEdge Test",
          "fullFile": "/Users/hansinsusatya/Desktop/QA-DigitalSkola/WebUI-Automation/tests/web/ui.test.js",
          "file": "/tests/web/ui.test.js",
          "beforeHooks": [
            {
              "title": "\"before all\" hook in \"Saucedemo on MicrosoftEdge Test\"",
              "fullTitle": "Saucedemo on MicrosoftEdge Test \"before all\" hook in \"Saucedemo on MicrosoftEdge Test\"",
              "timedOut": false,
              "duration": 4091,
              "state": null,
              "speed": null,
              "pass": false,
              "fail": false,
              "pending": false,
              "context": null,
              "code": "await setupInitialDriver(browser);\nawait driver.get(URL);\nawait login();",
              "err": {},
              "uuid": "c51c0dfb-7c45-4686-a7f4-9af395dba359",
              "parentUUID": "89f84f8f-ecf2-4414-b351-1fc5b08dff88",
              "isHook": true,
              "skipped": false
            }
          ],
          "afterHooks": [
            {
              "title": "\"after all\" hook in \"Saucedemo on MicrosoftEdge Test\"",
              "fullTitle": "Saucedemo on MicrosoftEdge Test \"after all\" hook in \"Saucedemo on MicrosoftEdge Test\"",
              "timedOut": false,
              "duration": 55,
              "state": null,
              "speed": null,
              "pass": false,
              "fail": false,
              "pending": false,
              "context": null,
              "code": "await driver.quit();",
              "err": {},
              "uuid": "5c9e2cdc-d494-4d39-a5d7-f6b49e88d7d1",
              "parentUUID": "89f84f8f-ecf2-4414-b351-1fc5b08dff88",
              "isHook": true,
              "skipped": false
            }
          ],
          "tests": [
            {
              "title": "Login successfully",
              "fullTitle": "Saucedemo on MicrosoftEdge Test Login successfully",
              "timedOut": false,
              "duration": 544,
              "state": "passed",
              "speed": "slow",
              "pass": true,
              "fail": false,
              "pending": false,
              "context": null,
              "code": "// check sidebar\nconst sidebar = await driver.wait(\n  until.elementLocated(By.xpath('//div[@class=\"bm-menu-wrap\"]')),\n  3000,\n);\nawait driver.wait(until.elementIsVisible(sidebar), 3000, \"Sidebar should be displayed\");\nconst isSidebarVisible = await sidebar.isDisplayed();\nassert.strictEqual(isSidebarVisible, true, \"Sidebar is not visible\");\nconst sideNav = await driver.findElement(By.xpath('//*[@class=\"bm-item-list\"]'));\nconst navItems = await sideNav.findElements(By.className(\"bm-item menu-item\"));\nassert.strictEqual(navItems.length, 4);\nconst navTexts = await Promise.all(\n  navItems.map(async (item) => {\n    const text = await driver.executeScript(\"return arguments[0].textContent.trim();\", item);\n    return text;\n  }),\n);\nassert.deepStrictEqual(navTexts, SIDE_NAVS, \"Nav items do not match expected values\");\n// check shopping cart\nconst shoppingCartButtonContaier = await driver.wait(\n  until.elementLocated(By.xpath('//*[@id=\"shopping_cart_container\"]')),\n  2000,\n);\nawait driver.wait(\n  until.elementIsVisible(shoppingCartButtonContaier),\n  2000,\n  \"Shopping cart button container should be displayed\",\n);\nconst shoppingCartButton = await driver.findElement(By.className(\"shopping_cart_link\"));\nconst isVisible = await shoppingCartButton.isDisplayed();\nassert.strictEqual(isVisible, true, \"Shopping cart link is not visible\");\n// check sort container should be displayed\nawait waitUntilSortOptionsLoaded();\nconst selectedOptionElement = await driver.findElement(\n  By.xpath('//*[@class=\"active_option\"]'),\n);\nconst selectedOptionText = await selectedOptionElement.getText();\nconst firstOption = await driver.findElement(\n  By.xpath('//select[@class=\"product_sort_container\"]/option[1]'),\n);\nconst firstOptionText = await firstOption.getText();\nassert.strictEqual(selectedOptionText, firstOptionText);\n// check product displayed\nconst inventoryItems = await getInventoryItems();\nassert.strictEqual(inventoryItems.length, 6);",
              "err": {},
              "uuid": "2944b386-0b2b-4cc9-bf70-a1193cc36c67",
              "parentUUID": "89f84f8f-ecf2-4414-b351-1fc5b08dff88",
              "isHook": false,
              "skipped": false
            },
            {
              "title": "Sort products by price (low to high)",
              "fullTitle": "Saucedemo on MicrosoftEdge Test Sort products by price (low to high)",
              "timedOut": false,
              "duration": 586,
              "state": "passed",
              "speed": "slow",
              "pass": true,
              "fail": false,
              "pending": false,
              "context": null,
              "code": "await chooseSortOption(SORT_PRICE_BY_ASC);\nawait findSortedProducts(SORT_PRICE_BY_ASC);",
              "err": {},
              "uuid": "41173b90-6048-4019-bbd5-1828022845ce",
              "parentUUID": "89f84f8f-ecf2-4414-b351-1fc5b08dff88",
              "isHook": false,
              "skipped": false
            },
            {
              "title": "Sort products by price (high to low)",
              "fullTitle": "Saucedemo on MicrosoftEdge Test Sort products by price (high to low)",
              "timedOut": false,
              "duration": 388,
              "state": "passed",
              "speed": "slow",
              "pass": true,
              "fail": false,
              "pending": false,
              "context": null,
              "code": "await chooseSortOption(SORT_PRICE_BY_DESC);\nawait findSortedProducts(SORT_PRICE_BY_DESC);",
              "err": {},
              "uuid": "6c3d3493-3f0d-4559-8338-df9820cff73a",
              "parentUUID": "89f84f8f-ecf2-4414-b351-1fc5b08dff88",
              "isHook": false,
              "skipped": false
            }
          ],
          "suites": [],
          "passes": [
            "2944b386-0b2b-4cc9-bf70-a1193cc36c67",
            "41173b90-6048-4019-bbd5-1828022845ce",
            "6c3d3493-3f0d-4559-8338-df9820cff73a"
          ],
          "failures": [],
          "pending": [],
          "skipped": [],
          "duration": 1518,
          "root": false,
          "rootEmpty": false,
          "_timeout": 60000
        }
      ],
      "passes": [],
      "failures": [],
      "pending": [],
      "skipped": [],
      "duration": 0,
      "root": true,
      "rootEmpty": true,
      "_timeout": 60000
    }
  ],
  "meta": {
    "mocha": {
      "version": "11.7.5"
    },
    "mochawesome": {
      "options": {
        "quiet": false,
        "reportFilename": "mochawesome",
        "saveHtml": true,
        "saveJson": true,
        "consoleReporter": "spec",
        "useInlineDiffs": false,
        "code": true
      },
      "version": "7.1.4"
    },
    "marge": {
      "options": null,
      "version": "6.3.2"
    }
  }
}